{"message":"Connected to mongodb://localhost/playground_tests...","level":"info"}
{"level":"error","message":"Something failed tbh Cannot read property '_id' of undefined","stack":"TypeError: Cannot read property '_id' of undefined\n    at /home/saad/Desktop/CourseNotes/InProgress - Complete Them/NodeJS Course/code/express-demo/routes/users.js:20:43\n    at newFn (/home/saad/Desktop/CourseNotes/InProgress - Complete Them/NodeJS Course/code/express-demo/node_modules/express-async-errors/index.js:16:20)\n    at Layer.handle [as handle_request] (/home/saad/Desktop/CourseNotes/InProgress - Complete Them/NodeJS Course/code/express-demo/node_modules/express/lib/router/layer.js:95:5)\n    at next (/home/saad/Desktop/CourseNotes/InProgress - Complete Them/NodeJS Course/code/express-demo/node_modules/express/lib/router/route.js:137:13)\n    at Route.dispatch (/home/saad/Desktop/CourseNotes/InProgress - Complete Them/NodeJS Course/code/express-demo/node_modules/express/lib/router/route.js:112:3)\n    at newFn (/home/saad/Desktop/CourseNotes/InProgress - Complete Them/NodeJS Course/code/express-demo/node_modules/express-async-errors/index.js:16:20)\n    at Layer.handle [as handle_request] (/home/saad/Desktop/CourseNotes/InProgress - Complete Them/NodeJS Course/code/express-demo/node_modules/express/lib/router/layer.js:95:5)\n    at /home/saad/Desktop/CourseNotes/InProgress - Complete Them/NodeJS Course/code/express-demo/node_modules/express/lib/router/index.js:281:22\n    at param (/home/saad/Desktop/CourseNotes/InProgress - Complete Them/NodeJS Course/code/express-demo/node_modules/express/lib/router/index.js:354:14)\n    at param (/home/saad/Desktop/CourseNotes/InProgress - Complete Them/NodeJS Course/code/express-demo/node_modules/express/lib/router/index.js:365:14)\n    at Function.process_params (/home/saad/Desktop/CourseNotes/InProgress - Complete Them/NodeJS Course/code/express-demo/node_modules/express/lib/router/index.js:410:3)\n    at next (/home/saad/Desktop/CourseNotes/InProgress - Complete Them/NodeJS Course/code/express-demo/node_modules/express/lib/router/index.js:275:10)\n    at Function.handle (/home/saad/Desktop/CourseNotes/InProgress - Complete Them/NodeJS Course/code/express-demo/node_modules/express/lib/router/index.js:174:3)\n    at router (/home/saad/Desktop/CourseNotes/InProgress - Complete Them/NodeJS Course/code/express-demo/node_modules/express/lib/router/index.js:47:12)\n    at newFn (/home/saad/Desktop/CourseNotes/InProgress - Complete Them/NodeJS Course/code/express-demo/node_modules/express-async-errors/index.js:16:20)\n    at Layer.handle [as handle_request] (/home/saad/Desktop/CourseNotes/InProgress - Complete Them/NodeJS Course/code/express-demo/node_modules/express/lib/router/layer.js:95:5)"}
{"level":"error"}
{"message":"Connected to mongodb://localhost/playground_tests...","level":"info"}
{"message":"Connected to mongodb://localhost/playground_tests...","level":"info"}
{"message":"Connected to mongodb://localhost/playground_tests...","level":"info"}
{"message":"Connected to mongodb://localhost/playground_tests...","level":"info"}
{"message":"Connected to mongodb://localhost/playground_tests...","level":"info"}
{"message":"Connected to mongodb://localhost/playground_tests...","level":"info"}
{"message":"Connected to mongodb://localhost/playground_tests...","level":"info"}
{"message":"Connected to mongodb://localhost/playground_tests...","level":"info"}
{"message":"Connected to mongodb://localhost/playground_tests...","level":"info"}
{"message":"Connected to mongodb://localhost/playground_tests...","level":"info"}
{"message":"Connected to mongodb://localhost/playground_tests...","level":"info"}
{"message":"Connected to mongodb://localhost/playground_tests...","level":"info"}
{"message":"Connected to mongodb://localhost/playground_tests...","level":"info"}
{"message":"Connected to mongodb://localhost/playground_tests...","level":"info"}
{"stringValue":"\"1\"","kind":"ObjectId","value":"1","path":"_id","reason":{},"valueType":"string","level":"error","message":"Something failed tbh Cast to ObjectId failed for value \"1\" (type string) at path \"_id\" for model \"User\"","stack":"CastError: Cast to ObjectId failed for value \"1\" (type string) at path \"_id\" for model \"User\"\n    at model.Query.exec (/home/saad/Desktop/CourseNotes/InProgress - Complete Them/NodeJS Course/node_modules/mongoose/lib/query.js:4478:21)\n    at model.Query.Object.<anonymous>.Query.then (/home/saad/Desktop/CourseNotes/InProgress - Complete Them/NodeJS Course/node_modules/mongoose/lib/query.js:4572:15)"}
{"stringValue":"\"1\"","valueType":"string","kind":"ObjectId","value":"1","path":"_id","reason":{},"name":"CastError","message":"Cast to ObjectId failed for value \"1\" (type string) at path \"_id\" for model \"User\""}
{"message":"Connected to mongodb://localhost/playground_tests...","level":"info"}
{"message":"Connected to mongodb://localhost/playground_tests...","level":"info"}
{"message":"Connected to mongodb://localhost/playground_tests...","level":"info"}
{"message":"Connected to mongodb://localhost/playground_tests...","level":"info"}
{"message":"Connected to mongodb://localhost/playground_tests...","level":"info"}
{"message":"Connected to mongodb://localhost/playground_tests...","level":"info"}
{"message":"Connected to mongodb://localhost/playground_tests...","level":"info"}
{"message":"Connected to mongodb://localhost/playground_tests...","level":"info"}
{"message":"Connected to mongodb://localhost/playground_tests...","level":"info"}
{"message":"Connected to mongodb://localhost/playground_tests...","level":"info"}
{"message":"Connected to mongodb://localhost/playground_tests...","level":"info"}
{"message":"Connected to mongodb://localhost/playground_tests...","level":"info"}
{"message":"Connected to mongodb://localhost/playground_tests...","level":"info"}
{"message":"Connected to mongodb://localhost/playground_tests...","level":"info"}
{"message":"Connected to mongodb://localhost/playground_tests...","level":"info"}
{"message":"Connected to mongodb://localhost/playground_tests...","level":"info"}
{"message":"Connected to mongodb://localhost/playground_tests...","level":"info"}
{"message":"Connected to mongodb://localhost/playground_tests...","level":"info"}
{"message":"Connected to mongodb://localhost/playground_tests...","level":"info"}
{"message":"Connected to mongodb://localhost/playground_tests...","level":"info"}
{"message":"Connected to mongodb://localhost/playground_tests...","level":"info"}
{"message":"Connected to mongodb://localhost/playground_tests...","level":"info"}
{"message":"Connected to mongodb://localhost/playground_tests...","level":"info"}
{"message":"Connected to mongodb://localhost/playground_tests...","level":"info"}
{"message":"Connected to mongodb://localhost/playground_tests...","level":"info"}
{"message":"Connected to mongodb://localhost/playground_tests...","level":"info"}
{"message":"Connected to mongodb://localhost/playground_tests...","level":"info"}
{"message":"Connected to mongodb://localhost/playground_tests...","level":"info"}
{"message":"Connected to mongodb://localhost/playground_tests...","level":"info"}
{"message":"Connected to mongodb://localhost/playground_tests...","level":"info"}
{"message":"Connected to mongodb://localhost/playground_tests...","level":"info"}
{"message":"Connected to mongodb://localhost/playground_tests...","level":"info"}
{"message":"Connected to mongodb://localhost/playground_tests...","level":"info"}
{"message":"Connected to mongodb://localhost/playground_tests...","level":"info"}
{"message":"Connected to mongodb://localhost/playground_tests...","level":"info"}
{"message":"Connected to mongodb://localhost/playground_tests...","level":"info"}
{"message":"Connected to mongodb://localhost/playground_tests...","level":"info"}
{"message":"Connected to mongodb://localhost/playground_tests...","level":"info"}
{"message":"Connected to mongodb://localhost/playground_tests...","level":"info"}
{"message":"Connected to mongodb://localhost/playground_tests...","level":"info"}
{"message":"Connected to mongodb://localhost/playground_tests...","level":"info"}
{"message":"Connected to mongodb://localhost/playground_tests...","level":"info"}
{"message":"Connected to mongodb://localhost/playground_tests...","level":"info"}
{"message":"Connected to mongodb://localhost/playground_tests...","level":"info"}
{"message":"Connected to mongodb://localhost/playground_tests...","level":"info"}
{"message":"Connected to mongodb://localhost/playground_tests...","level":"info"}
{"message":"Connected to mongodb://localhost/playground_tests...","level":"info"}
{"message":"Connected to mongodb://localhost/playground_tests...","level":"info"}
{"message":"Connected to mongodb://localhost/playground_tests...","level":"info"}
{"message":"Connected to mongodb://localhost/playground_tests...","level":"info"}
{"message":"Connected to mongodb://localhost/playground_tests...","level":"info"}
{"message":"Connected to mongodb://localhost/playground_tests...","level":"info"}
{"message":"Connected to mongodb://localhost/playground_tests...","level":"info"}
{"message":"Connected to mongodb://localhost/playground_tests...","level":"info"}
{"message":"Connected to mongodb://localhost/playground_tests...","level":"info"}
{"message":"Connected to mongodb://localhost/playground_tests...","level":"info"}
{"message":"Connected to mongodb://localhost/playground_tests...","level":"info"}
{"message":"Connected to mongodb://localhost/playground_tests...","level":"info"}
{"message":"Connected to mongodb://localhost/playground_tests...","level":"info"}
{"message":"Connected to mongodb://localhost/playground_tests...","level":"info"}
{"message":"Connected to mongodb://localhost/playground_tests...","level":"info"}
{"message":"Connected to mongodb://localhost/playground_tests...","level":"info"}
{"message":"Connected to mongodb://localhost/playground_tests...","level":"info"}
{"message":"Connected to mongodb://localhost/playground_tests...","level":"info"}
{"message":"Connected to mongodb://localhost/playground_tests...","level":"info"}
{"message":"Connected to mongodb://localhost/playground_tests...","level":"info"}
{"message":"Connected to mongodb://localhost/playground_tests...","level":"info"}
{"message":"Connected to mongodb://localhost/playground_tests...","level":"info"}
{"message":"Connected to mongodb://localhost/playground_tests...","level":"info"}
{"message":"Connected to mongodb://localhost/playground_tests...","level":"info"}
{"message":"Connected to mongodb://localhost/playground_tests...","level":"info"}
{"message":"Connected to mongodb://localhost/playground_tests...","level":"info"}
{"message":"Connected to mongodb://localhost/playground_tests...","level":"info"}
{"message":"Connected to mongodb://localhost/playground_tests...","level":"info"}
{"message":"Connected to mongodb://localhost/playground_tests...","level":"info"}
{"message":"Connected to mongodb://localhost/playground_tests...","level":"info"}
{"message":"Connected to mongodb://localhost/playground_tests...","level":"info"}
{"message":"Connected to mongodb://localhost/playground_tests...","level":"info"}
{"message":"Connected to mongodb://localhost/playground_tests...","level":"info"}
{"message":"Connected to mongodb://localhost/playground_tests...","level":"info"}
{"message":"Connected to mongodb://localhost/playground_tests...","level":"info"}
{"message":"Connected to mongodb://localhost/playground_tests...","level":"info"}
{"message":"Connected to mongodb://localhost/playground_tests...","level":"info"}
{"message":"Connected to mongodb://localhost/playground_tests...","level":"info"}
{"message":"Connected to mongodb://localhost/playground_tests...","level":"info"}
{"message":"Connected to mongodb://localhost/playground_tests...","level":"info"}
{"message":"Connected to mongodb://localhost/playground_tests...","level":"info"}
{"message":"Connected to mongodb://localhost/playground_tests...","level":"info"}
{"message":"Connected to mongodb://localhost/playground_tests...","level":"info"}
{"message":"Connected to mongodb://localhost/playground_tests...","level":"info"}
{"message":"Connected to mongodb://localhost/playground_tests...","level":"info"}
{"message":"Connected to mongodb://localhost/playground_tests...","level":"info"}
{"message":"Connected to mongodb://localhost/playground_tests...","level":"info"}
{"message":"Connected to mongodb://localhost/playground_tests...","level":"info"}
{"message":"Connected to mongodb://localhost/playground_tests...","level":"info"}
{"message":"Connected to mongodb://localhost/playground_tests...","level":"info"}
{"message":"Connected to mongodb://localhost/playground_tests...","level":"info"}
{"message":"Connected to mongodb://localhost/playground_tests...","level":"info"}
{"message":"Connected to mongodb://localhost/playground_tests...","level":"info"}
{"message":"Connected to mongodb://localhost/playground_tests...","level":"info"}
{"message":"Connected to mongodb://localhost/playground_tests...","level":"info"}
{"message":"Connected to mongodb://localhost/playground_tests...","level":"info"}
{"message":"Connected to mongodb://localhost/playground_tests...","level":"info"}
{"message":"Connected to mongodb://localhost/playground_tests...","level":"info"}
{"message":"connect ECONNREFUSED 127.0.0.1:27017","level":"info"}
{"message":"connect ECONNREFUSED 127.0.0.1:27017","level":"info"}
{"message":"connect ECONNREFUSED 127.0.0.1:27017","level":"info"}
{"message":"connect ECONNREFUSED 127.0.0.1:27017","level":"info"}
{"message":"connect ECONNREFUSED 127.0.0.1:27017","level":"info"}
{"message":"connect ECONNREFUSED 127.0.0.1:27017","level":"info"}
{"message":"connect ECONNREFUSED 127.0.0.1:27017","level":"info"}
{"message":"connect ECONNREFUSED 127.0.0.1:27017","level":"info"}
{"message":"connect ECONNREFUSED 127.0.0.1:27017","level":"info"}
{"message":"connect ECONNREFUSED 127.0.0.1:27017","level":"info"}
{"message":"connect ECONNREFUSED 127.0.0.1:27017","level":"info"}
{"message":"connect ECONNREFUSED 127.0.0.1:27017","level":"info"}
{"message":"connect ECONNREFUSED 127.0.0.1:27017","level":"info"}
{"message":"connect ECONNREFUSED 127.0.0.1:27017","level":"info"}
{"message":"connect ECONNREFUSED 127.0.0.1:27017","level":"info"}
{"message":"connect ECONNREFUSED 127.0.0.1:27017","level":"info"}
{"message":"Connected to mongodb://localhost/playground_tests...","level":"info"}
{"message":"Connected to mongodb://localhost/playground_tests...","level":"info"}
{"message":"Connected to mongodb://localhost/playground_tests...","level":"info"}
{"message":"Connected to mongodb://localhost/playground_tests...","level":"info"}
{"message":"Connected to mongodb://localhost/playground_tests...","level":"info"}
{"message":"Connected to mongodb://localhost/playground_tests...","level":"info"}
{"message":"Connected to mongodb://localhost/playground_tests...","level":"info"}
{"message":"Connected to mongodb://localhost/playground_tests...","level":"info"}
{"message":"Connected to mongodb://localhost/playground_tests...","level":"info"}
{"message":"Connected to mongodb://localhost/playground_tests...","level":"info"}
{"message":"Connected to mongodb://localhost/playground_tests...","level":"info"}
{"message":"Connected to mongodb://localhost/playground_tests...","level":"info"}
{"message":"Connected to mongodb://localhost/playground_tests...","level":"info"}
{"message":"Connected to mongodb://localhost/playground_tests...","level":"info"}
{"message":"Connected to mongodb://localhost/playground_tests...","level":"info"}
{"message":"Connected to mongodb://localhost/playground_tests...","level":"info"}
{"message":"Connected to mongodb://localhost/playground_tests...","level":"info"}
{"message":"Connected to mongodb://localhost/playground_tests...","level":"info"}
{"message":"Connected to mongodb://localhost/playground_tests...","level":"info"}
{"message":"Connected to mongodb://localhost/playground_tests...","level":"info"}
{"message":"Connected to mongodb://localhost/playground_tests...","level":"info"}
{"message":"Connected to mongodb://localhost/playground_tests...","level":"info"}
{"message":"Connected to mongodb://localhost/playground_tests...","level":"info"}
{"message":"Connected to mongodb://localhost/playground_tests...","level":"info"}
{"message":"Connected to mongodb://localhost/playground_tests...","level":"info"}
{"message":"Connected to mongodb://localhost/playground_tests...","level":"info"}
{"message":"Connected to mongodb://localhost/playground_tests...","level":"info"}
{"message":"Connected to mongodb://localhost/playground_tests...","level":"info"}
{"message":"Connected to mongodb://localhost/playground_tests...","level":"info"}
{"message":"Connected to mongodb://localhost/playground_tests...","level":"info"}
{"message":"Connected to mongodb://localhost/playground_tests...","level":"info"}
{"message":"Connected to mongodb://localhost/playground_tests...","level":"info"}
{"message":"Connected to mongodb://localhost/playground_tests...","level":"info"}
{"message":"Connected to mongodb://localhost/playground_tests...","level":"info"}
{"message":"Connected to mongodb://localhost/playground_tests...","level":"info"}
{"message":"Connected to mongodb://localhost/playground_tests...","level":"info"}
{"message":"Connected to mongodb://localhost/playground_tests...","level":"info"}
{"message":"Connected to mongodb://localhost/playground_tests...","level":"info"}
{"message":"Connected to mongodb://localhost/playground_tests...","level":"info"}
{"message":"Connected to mongodb://localhost/playground_tests...","level":"info"}
{"message":"Connected to mongodb://localhost/playground_tests...","level":"info"}
{"message":"Connected to mongodb://localhost/playground_tests...","level":"info"}
{"message":"Connected to mongodb://localhost/playground_tests...","level":"info"}
{"message":"Connected to mongodb://localhost/playground_tests...","level":"info"}
{"message":"Connected to mongodb://localhost/playground_tests...","level":"info"}
{"message":"Connected to mongodb://localhost/playground_tests...","level":"info"}
{"message":"Connected to mongodb://localhost/playground_tests...","level":"info"}
{"message":"Connected to mongodb://localhost/playground_tests...","level":"info"}
{"message":"Connected to mongodb://localhost/playground_tests...","level":"info"}
{"message":"Connected to mongodb://localhost/playground_tests...","level":"info"}
{"message":"Connected to mongodb://localhost/playground_tests...","level":"info"}
{"message":"Connected to mongodb://localhost/playground_tests...","level":"info"}
{"message":"Connected to mongodb://localhost/playground_tests...","level":"info"}
{"message":"Connected to mongodb://localhost/playground_tests...","level":"info"}
{"message":"Connected to mongodb://localhost/playground_tests...","level":"info"}
{"message":"Connected to mongodb://localhost/playground_tests...","level":"info"}
{"message":"Connected to mongodb://localhost/playground_tests...","level":"info"}
{"message":"Connected to mongodb://localhost/playground_tests...","level":"info"}
{"message":"Connected to mongodb://localhost/playground_tests...","level":"info"}
{"message":"Connected to mongodb://localhost/playground_tests...","level":"info"}
{"message":"Connected to mongodb://localhost/playground_tests...","level":"info"}
{"message":"Connected to mongodb://localhost/playground_tests...","level":"info"}
{"message":"Connected to mongodb://localhost/playground_tests...","level":"info"}
{"message":"Connected to mongodb://localhost/playground_tests...","level":"info"}
{"message":"Connected to mongodb://localhost/playground_tests...","level":"info"}
{"message":"Connected to mongodb://localhost/playground_tests...","level":"info"}
{"driver":true,"name":"MongoError","index":0,"code":11000,"keyPattern":{"email":1},"keyValue":{"email":"user1@gmail.com"},"level":"error","message":"Something failed tbh E11000 duplicate key error collection: playground_tests.users index: email_1 dup key: { email: \"user1@gmail.com\" }","stack":"MongoError: E11000 duplicate key error collection: playground_tests.users index: email_1 dup key: { email: \"user1@gmail.com\" }\n    at Function.create (/home/saad/Desktop/CourseNotes/InProgress - Complete Them/NodeJS Course/node_modules/mongodb/lib/core/error.js:57:12)\n    at toError (/home/saad/Desktop/CourseNotes/InProgress - Complete Them/NodeJS Course/node_modules/mongodb/lib/utils.js:130:22)\n    at /home/saad/Desktop/CourseNotes/InProgress - Complete Them/NodeJS Course/node_modules/mongodb/lib/operations/common_functions.js:258:39\n    at handler (/home/saad/Desktop/CourseNotes/InProgress - Complete Them/NodeJS Course/node_modules/mongodb/lib/core/sdam/topology.js:943:24)\n    at /home/saad/Desktop/CourseNotes/InProgress - Complete Them/NodeJS Course/node_modules/mongodb/lib/cmap/connection_pool.js:350:13\n    at handleOperationResult (/home/saad/Desktop/CourseNotes/InProgress - Complete Them/NodeJS Course/node_modules/mongodb/lib/core/sdam/server.js:558:5)\n    at MessageStream.messageHandler (/home/saad/Desktop/CourseNotes/InProgress - Complete Them/NodeJS Course/node_modules/mongodb/lib/cmap/connection.js:281:5)\n    at MessageStream.emit (node:events:365:28)\n    at processIncomingData (/home/saad/Desktop/CourseNotes/InProgress - Complete Them/NodeJS Course/node_modules/mongodb/lib/cmap/message_stream.js:144:12)\n    at MessageStream._write (/home/saad/Desktop/CourseNotes/InProgress - Complete Them/NodeJS Course/node_modules/mongodb/lib/cmap/message_stream.js:42:5)\n    at writeOrBuffer (node:internal/streams/writable:389:12)\n    at _write (node:internal/streams/writable:330:10)\n    at MessageStream.Writable.write (node:internal/streams/writable:334:10)\n    at Socket.ondata (node:internal/streams/readable:751:22)\n    at Socket.emit (node:events:365:28)\n    at addChunk (node:internal/streams/readable:314:12)"}
{"driver":true,"name":"MongoError","index":0,"code":11000,"keyPattern":{"email":1},"keyValue":{"email":"user1@gmail.com"},"level":"error"}
{"message":"Connected to mongodb://localhost/playground_tests...","level":"info"}
{"message":"Connected to mongodb://localhost/playground_tests...","level":"info"}
{"message":"Connected to mongodb://localhost/playground_tests...","level":"info"}
{"message":"Connected to mongodb://localhost/playground_tests...","level":"info"}
{"message":"Connected to mongodb://localhost/playground_tests...","level":"info"}
{"message":"Connected to mongodb://localhost/playground_tests...","level":"info"}
{"message":"Connected to mongodb://localhost/playground_tests...","level":"info"}
{"message":"Connected to mongodb://localhost/playground_tests...","level":"info"}
{"message":"Connected to mongodb://localhost/playground_tests...","level":"info"}
{"message":"Connected to mongodb://localhost/playground_tests...","level":"info"}
{"message":"Connected to mongodb://localhost/playground_tests...","level":"info"}
{"message":"Connected to mongodb://localhost/playground_tests...","level":"info"}
{"message":"Connected to mongodb://localhost/playground_tests...","level":"info"}
{"message":"Connected to mongodb://localhost/playground_tests...","level":"info"}
{"message":"Connected to mongodb://localhost/playground_tests...","level":"info"}
{"message":"Connected to mongodb://localhost/playground_tests...","level":"info"}
{"message":"Connected to mongodb://localhost/playground_tests...","level":"info"}
{"message":"Connected to mongodb://localhost/playground_tests...","level":"info"}
{"message":"Connected to mongodb://localhost/playground_tests...","level":"info"}
{"message":"Connected to mongodb://localhost/playground_tests...","level":"info"}
{"message":"Connected to mongodb://localhost/playground_tests...","level":"info"}
{"message":"Connected to mongodb://localhost/playground_tests...","level":"info"}
{"message":"Connected to mongodb://localhost/playground_tests...","level":"info"}
{"message":"Connected to mongodb://localhost/playground_tests...","level":"info"}
{"message":"Connected to mongodb://localhost/playground_tests...","level":"info"}
{"message":"Connected to mongodb://localhost/playground_tests...","level":"info"}
{"message":"Connected to mongodb://localhost/playground_tests...","level":"info"}
{"message":"Connected to mongodb://localhost/playground_tests...","level":"info"}
{"message":"Connected to mongodb://localhost/playground_tests...","level":"info"}
{"message":"Connected to mongodb://localhost/playground_tests...","level":"info"}
